<?xml version="1.0" encoding="UTF-8"?>
<!-- Generated by org.testng.reporters.JUnitReportReporter -->
<testsuite hostname="LIN-5CG30106KP" failures="0" tests="2" name="stepDefinitions.ExcelSheetData" time="22.159" errors="0" timestamp="2024-04-02T04:10:28 IST" skipped="0">
  <testcase classname="stepDefinitions.ExcelSheetData" name="pickup" time="11.700"/>
  <system-out/>
  <testcase classname="stepDefinitions.ExcelSheetData" name="pickup" time="10.459"/>
  <system-out/>
</testsuite> <!-- stepDefinitions.ExcelSheetData -->
