<?xml version="1.0" encoding="UTF-8"?>
<!-- Generated by org.testng.reporters.JUnitReportReporter -->
<testsuite hostname="LIN-5CG30106KP" failures="0" tests="6" name="Runner.RedbusRunnerClass" time="57.963" errors="0" timestamp="2024-04-02T11:03:30 IST" skipped="0">
  <testcase classname="Runner.RedbusRunnerClass" name="runScenario" time="6.714"/>
  <system-out/>
  <testcase classname="Runner.RedbusRunnerClass" name="runScenario" time="8.995"/>
  <system-out/>
  <testcase classname="Runner.RedbusRunnerClass" name="runScenario" time="9.842"/>
  <system-out/>
  <testcase classname="Runner.RedbusRunnerClass" name="runScenario" time="9.010"/>
  <system-out/>
  <testcase classname="Runner.RedbusRunnerClass" name="runScenario" time="15.373"/>
  <system-out/>
  <testcase classname="Runner.RedbusRunnerClass" name="runScenario" time="8.029"/>
  <system-out/>
</testsuite> <!-- Runner.RedbusRunnerClass -->
