<?xml version="1.0" encoding="UTF-8"?>
<!-- Generated by org.testng.reporters.JUnitReportReporter -->
<testsuite hostname="LIN-5CG30106KP" failures="0" tests="7" name="Runner.RedbusRunnerClass" time="68.388" errors="0" timestamp="2024-03-27T12:44:59 IST" skipped="0">
  <testcase classname="Runner.RedbusRunnerClass" name="runScenario" time="6.721"/>
  <system-out/>
  <testcase classname="Runner.RedbusRunnerClass" name="runScenario" time="10.900"/>
  <system-out/>
  <testcase classname="Runner.RedbusRunnerClass" name="runScenario" time="15.176"/>
  <system-out/>
  <testcase classname="Runner.RedbusRunnerClass" name="runScenario" time="9.183"/>
  <system-out/>
  <testcase classname="Runner.RedbusRunnerClass" name="runScenario" time="8.491"/>
  <system-out/>
  <testcase classname="Runner.RedbusRunnerClass" name="runScenario" time="10.350"/>
  <system-out/>
  <testcase classname="Runner.RedbusRunnerClass" name="runScenario" time="7.567"/>
  <system-out/>
</testsuite> <!-- Runner.RedbusRunnerClass -->
